<?xml version="1.0" encoding="UTF-8"?>
<testng-results ignored="0" total="2" passed="2" failed="0" skipped="0">
  <reporter-output>
  </reporter-output>
  <suite started-at="2021-09-28T10:53:39 IST" name="SampleSuite2" finished-at="2021-09-28T10:54:25 IST" duration-ms="45228">
    <groups>
    </groups>
    <test started-at="2021-09-28T10:53:39 IST" name="First" finished-at="2021-09-28T10:53:39 IST" duration-ms="15">
    </test> <!-- First -->
    <test started-at="2021-09-28T10:53:40 IST" name="SampleTest" finished-at="2021-09-28T10:54:00 IST" duration-ms="20432">
      <class name="mavenseleniumproject.RecorderScript">
        <test-method is-config="true" signature="setup(java.lang.String)[pri:0, instance:mavenseleniumproject.RecorderScript@53ce1329]" started-at="2021-09-28T10:53:40 IST" name="setup" finished-at="2021-09-28T10:53:43 IST" duration-ms="3696" status="PASS">
          <params>
            <param index="0">
              <value>
                <![CDATA[Chrome]]>
              </value>
            </param>
          </params>
          <reporter-output>
          </reporter-output>
        </test-method> <!-- setup -->
        <test-method signature="testParameterWithXML()[pri:0, instance:mavenseleniumproject.RecorderScript@53ce1329]" started-at="2021-09-28T10:53:43 IST" name="testParameterWithXML" finished-at="2021-09-28T10:54:00 IST" duration-ms="16693" status="PASS">
          <reporter-output>
          </reporter-output>
        </test-method> <!-- testParameterWithXML -->
      </class> <!-- mavenseleniumproject.RecorderScript -->
    </test> <!-- SampleTest -->
    <test started-at="2021-09-28T10:54:00 IST" name="Sample2Test" finished-at="2021-09-28T10:54:25 IST" duration-ms="24498">
      <class name="mavenseleniumproject.RecorderScript">
        <test-method is-config="true" signature="setup(java.lang.String)[pri:0, instance:mavenseleniumproject.RecorderScript@61001b64]" started-at="2021-09-28T10:54:00 IST" name="setup" finished-at="2021-09-28T10:54:07 IST" duration-ms="6835" status="PASS">
          <params>
            <param index="0">
              <value>
                <![CDATA[Firefox]]>
              </value>
            </param>
          </params>
          <reporter-output>
          </reporter-output>
        </test-method> <!-- setup -->
        <test-method signature="testParameterWithXML()[pri:0, instance:mavenseleniumproject.RecorderScript@61001b64]" started-at="2021-09-28T10:54:07 IST" name="testParameterWithXML" finished-at="2021-09-28T10:54:25 IST" duration-ms="17658" status="PASS">
          <reporter-output>
          </reporter-output>
        </test-method> <!-- testParameterWithXML -->
      </class> <!-- mavenseleniumproject.RecorderScript -->
    </test> <!-- Sample2Test -->
  </suite> <!-- SampleSuite2 -->
</testng-results>
